<?xml version="1.0" encoding="UTF-8"?>
<robot generator="Robot 6.0.2 (Python 3.11.3 on win32)" generated="20230613 00:36:26.768" rpa="false" schemaversion="3">
<suite id="s1" name="Luiza testes" source="C:\Users\Pichau\Downloads\Mateus\Repositórios\CCI\RobotFramework\Web Testing\Luiza_testes.robot">
<test id="s1-t1" name="Caso de Teste 01 - Acesso ao menu &quot;Monitor&quot;" line="10">
<kw name="Abrir o navegador" library="Luiza_resources" type="SETUP">
<kw name="Open Browser" library="SeleniumLibrary">
<arg>${URL}</arg>
<arg>${BROWSER}</arg>
<doc>Opens a new browser instance to the optional ``url``.</doc>
<msg timestamp="20230613 00:36:27.158" level="INFO">Opening browser 'Chrome' to base url 'https://www.magazineluiza.com.br/'.</msg>
<status status="PASS" starttime="20230613 00:36:27.157" endtime="20230613 00:36:31.809"/>
</kw>
<kw name="Maximize Browser Window" library="SeleniumLibrary">
<doc>Maximizes current browser window.</doc>
<status status="PASS" starttime="20230613 00:36:31.809" endtime="20230613 00:36:32.170"/>
</kw>
<status status="PASS" starttime="20230613 00:36:27.156" endtime="20230613 00:36:32.170"/>
</kw>
<kw name="Acessar a home page do site" library="Luiza_resources">
<kw name="Go To" library="SeleniumLibrary">
<arg>url=${URL}</arg>
<doc>Navigates the current browser window to the provided ``url``.</doc>
<msg timestamp="20230613 00:36:32.172" level="INFO">Opening url 'https://www.magazineluiza.com.br/'</msg>
<status status="PASS" starttime="20230613 00:36:32.171" endtime="20230613 00:36:34.093"/>
</kw>
<kw name="Wait Until Element Is Visible" library="SeleniumLibrary">
<arg>//a[contains(@class,'sc-fBWQRz gA-DDVX sc-iQbOkh kRXPUC sc-iQbOkh kRXPUC')]</arg>
<arg>timeout=100</arg>
<doc>Waits until the element ``locator`` is visible.</doc>
<status status="PASS" starttime="20230613 00:36:34.093" endtime="20230613 00:36:34.132"/>
</kw>
<status status="PASS" starttime="20230613 00:36:32.171" endtime="20230613 00:36:34.132"/>
</kw>
<kw name="Entrar no menu Todos Departamentos" library="Luiza_resources">
<kw name="Click Element" library="SeleniumLibrary">
<arg>//a[@data-testid='link'][contains(.,'Todos os departamentos')]</arg>
<doc>Click the element identified by ``locator``.</doc>
<msg timestamp="20230613 00:36:34.133" level="INFO">Clicking element '//a[@data-testid='link'][contains(.,'Todos os departamentos')]'.</msg>
<status status="PASS" starttime="20230613 00:36:34.133" endtime="20230613 00:36:34.274"/>
</kw>
<status status="PASS" starttime="20230613 00:36:34.132" endtime="20230613 00:36:34.274"/>
</kw>
<kw name="Verificar se o menu &quot;Informática&quot; fica disponível" library="Luiza_resources" sourcename="Verificar se o menu &quot;${MENU_ITEM}&quot; fica disponível">
<kw name="Wait Until Element Is Visible" library="SeleniumLibrary">
<arg>locator=(//a[@data-testid='link'][contains(.,'${MENU_ITEM}')])[1]</arg>
<arg>timeout=20</arg>
<doc>Waits until the element ``locator`` is visible.</doc>
<status status="PASS" starttime="20230613 00:36:34.275" endtime="20230613 00:36:34.634"/>
</kw>
<status status="PASS" starttime="20230613 00:36:34.275" endtime="20230613 00:36:34.634"/>
</kw>
<kw name="Acessar o menu &quot;Informática&quot;" library="Luiza_resources" sourcename="Acessar o menu &quot;${MENU_ITEM}&quot;">
<kw name="Click Element" library="SeleniumLibrary">
<arg>locator=(//a[@data-testid='link'][contains(.,'${MENU_ITEM}')])[1]</arg>
<doc>Click the element identified by ``locator``.</doc>
<msg timestamp="20230613 00:36:34.636" level="INFO">Clicking element '(//a[@data-testid='link'][contains(.,'Informática')])[1]'.</msg>
<status status="PASS" starttime="20230613 00:36:34.635" endtime="20230613 00:36:34.964"/>
</kw>
<status status="PASS" starttime="20230613 00:36:34.635" endtime="20230613 00:36:34.964"/>
</kw>
<kw name="Verificar se o submenu &quot;Monitor&quot; fica disponível" library="Luiza_resources" sourcename="Verificar se o submenu &quot;${menu_item}&quot; fica disponível">
<kw name="Wait Until Element Is Visible" library="SeleniumLibrary">
<arg>locator=(//p[contains(.,'${menu_item}')])[1]</arg>
<arg>timeout=150s</arg>
<doc>Waits until the element ``locator`` is visible.</doc>
<status status="PASS" starttime="20230613 00:36:34.965" endtime="20230613 00:36:40.409"/>
</kw>
<status status="PASS" starttime="20230613 00:36:34.965" endtime="20230613 00:36:40.409"/>
</kw>
<kw name="Acessar o submenu &quot;Monitor&quot;" library="Luiza_resources" sourcename="Acessar o submenu &quot;${MENU_ITEM}&quot;">
<kw name="Click Element" library="SeleniumLibrary">
<arg>locator=(//p[contains(.,'${menu_item}')])[1]</arg>
<doc>Click the element identified by ``locator``.</doc>
<msg timestamp="20230613 00:36:40.411" level="INFO">Clicking element '(//p[contains(.,'Monitor')])[1]'.</msg>
<status status="PASS" starttime="20230613 00:36:40.410" endtime="20230613 00:36:40.765"/>
</kw>
<status status="PASS" starttime="20230613 00:36:40.410" endtime="20230613 00:36:40.765"/>
</kw>
<doc>Este teste verifica o menu Todos Departamentos,
o menu Informatica e o menu Monitor</doc>
<tag>menus</tag>
<status status="PASS" starttime="20230613 00:36:27.154" endtime="20230613 00:36:40.767"/>
</test>
<doc>Essa suite testa o site https://www.magazineluiza.com.br/</doc>
<status status="PASS" starttime="20230613 00:36:26.770" endtime="20230613 00:36:40.771"/>
</suite>
<statistics>
<total>
<stat pass="1" fail="0" skip="0">All Tests</stat>
</total>
<tag>
<stat pass="1" fail="0" skip="0">menus</stat>
</tag>
<suite>
<stat pass="1" fail="0" skip="0" id="s1" name="Luiza testes">Luiza testes</stat>
</suite>
</statistics>
<errors>
</errors>
</robot>
