<?xml version="1.0" encoding="UTF-8"?>
<robot generator="Robot 6.0.2 (Python 3.11.3 on win32)" generated="20230613 16:28:23.311" rpa="false" schemaversion="3">
<suite id="s1" name="Luiza Testes" source="c:\Users\Pichau\Downloads\Mateus\Repositórios\CCI\robotframework\web testing\luiza_testes.robot">
<test id="s1-t1" name="Caso de Teste 01 - Acesso ao menu &quot;Monitor&quot;" line="10">
<kw name="Abrir o navegador" library="Luiza_resources" type="SETUP">
<kw name="Open Browser" library="SeleniumLibrary">
<arg>${URL}</arg>
<arg>${BROWSER}</arg>
<doc>Opens a new browser instance to the optional ``url``.</doc>
<msg timestamp="20230613 16:28:23.875" level="INFO">Opening browser 'Chrome' to base url 'https://www.magazineluiza.com.br/'.</msg>
<status status="PASS" starttime="20230613 16:28:23.875" endtime="20230613 16:28:30.550"/>
</kw>
<kw name="Maximize Browser Window" library="SeleniumLibrary">
<doc>Maximizes current browser window.</doc>
<status status="PASS" starttime="20230613 16:28:30.552" endtime="20230613 16:28:30.711"/>
</kw>
<status status="PASS" starttime="20230613 16:28:23.873" endtime="20230613 16:28:30.712"/>
</kw>
<kw name="Acessar a home page do site" library="Luiza_resources">
<kw name="Go To" library="SeleniumLibrary">
<arg>url=${URL}</arg>
<doc>Navigates the current browser window to the provided ``url``.</doc>
<msg timestamp="20230613 16:28:30.715" level="INFO">Opening url 'https://www.magazineluiza.com.br/'</msg>
<status status="PASS" starttime="20230613 16:28:30.715" endtime="20230613 16:28:33.267"/>
</kw>
<kw name="Wait Until Element Is Visible" library="SeleniumLibrary">
<arg>//a[contains(@class,'sc-fBWQRz gA-DDVX sc-iQbOkh kRXPUC sc-iQbOkh kRXPUC')]</arg>
<arg>timeout=100</arg>
<doc>Waits until the element ``locator`` is visible.</doc>
<status status="PASS" starttime="20230613 16:28:33.267" endtime="20230613 16:28:33.464"/>
</kw>
<status status="PASS" starttime="20230613 16:28:30.714" endtime="20230613 16:28:33.464"/>
</kw>
<kw name="Entrar no menu Todos Departamentos" library="Luiza_resources">
<kw name="Click Element" library="SeleniumLibrary">
<arg>//a[@data-testid='link'][contains(.,'Todos os departamentos')]</arg>
<doc>Click the element identified by ``locator``.</doc>
<msg timestamp="20230613 16:28:33.466" level="INFO">Clicking element '//a[@data-testid='link'][contains(.,'Todos os departamentos')]'.</msg>
<status status="PASS" starttime="20230613 16:28:33.466" endtime="20230613 16:28:33.818"/>
</kw>
<status status="PASS" starttime="20230613 16:28:33.465" endtime="20230613 16:28:33.819"/>
</kw>
<kw name="Verificar se o menu &quot;Informática&quot; fica disponível" library="Luiza_resources" sourcename="Verificar se o menu &quot;${MENU_ITEM}&quot; fica disponível">
<kw name="Wait Until Element Is Visible" library="SeleniumLibrary">
<arg>locator=(//a[@data-testid='link'][contains(.,'${MENU_ITEM}')])[1]</arg>
<arg>timeout=20</arg>
<doc>Waits until the element ``locator`` is visible.</doc>
<status status="PASS" starttime="20230613 16:28:33.822" endtime="20230613 16:28:34.201"/>
</kw>
<status status="PASS" starttime="20230613 16:28:33.822" endtime="20230613 16:28:34.201"/>
</kw>
<kw name="Acessar o menu &quot;Informática&quot;" library="Luiza_resources" sourcename="Acessar o menu &quot;${MENU_ITEM}&quot;">
<kw name="Click Element" library="SeleniumLibrary">
<arg>locator=(//a[@data-testid='link'][contains(.,'${MENU_ITEM}')])[1]</arg>
<doc>Click the element identified by ``locator``.</doc>
<msg timestamp="20230613 16:28:34.205" level="INFO">Clicking element '(//a[@data-testid='link'][contains(.,'Informática')])[1]'.</msg>
<status status="PASS" starttime="20230613 16:28:34.203" endtime="20230613 16:28:34.391"/>
</kw>
<status status="PASS" starttime="20230613 16:28:34.202" endtime="20230613 16:28:34.392"/>
</kw>
<kw name="Verificar se o submenu &quot;Monitor&quot; fica disponível" library="Luiza_resources" sourcename="Verificar se o submenu &quot;${menu_item}&quot; fica disponível">
<kw name="Wait Until Element Is Visible" library="SeleniumLibrary">
<arg>locator=(//p[contains(.,'${menu_item}')])[1]</arg>
<arg>timeout=150s</arg>
<doc>Waits until the element ``locator`` is visible.</doc>
<status status="PASS" starttime="20230613 16:28:34.394" endtime="20230613 16:28:39.583"/>
</kw>
<status status="PASS" starttime="20230613 16:28:34.393" endtime="20230613 16:28:39.583"/>
</kw>
<kw name="Acessar o submenu &quot;Monitor&quot;" library="Luiza_resources" sourcename="Acessar o submenu &quot;${MENU_ITEM}&quot;">
<kw name="Click Element" library="SeleniumLibrary">
<arg>locator=(//p[contains(.,'${menu_item}')])[1]</arg>
<doc>Click the element identified by ``locator``.</doc>
<msg timestamp="20230613 16:28:39.585" level="INFO">Clicking element '(//p[contains(.,'Monitor')])[1]'.</msg>
<status status="PASS" starttime="20230613 16:28:39.584" endtime="20230613 16:28:39.867"/>
</kw>
<status status="PASS" starttime="20230613 16:28:39.584" endtime="20230613 16:28:39.867"/>
</kw>
<doc>Este teste verifica o menu Todos Departamentos,
o menu Informatica e o menu Monitor</doc>
<tag>menus</tag>
<status status="PASS" starttime="20230613 16:28:23.871" endtime="20230613 16:28:39.868"/>
</test>
<test id="s1-t2" name="Caso de Teste 02 - Pesquisa de Produto" line="22">
<kw name="Abrir o navegador" library="Luiza_resources" type="SETUP">
<kw name="Open Browser" library="SeleniumLibrary">
<arg>${URL}</arg>
<arg>${BROWSER}</arg>
<doc>Opens a new browser instance to the optional ``url``.</doc>
<msg timestamp="20230613 16:28:39.874" level="INFO">Opening browser 'Chrome' to base url 'https://www.magazineluiza.com.br/'.</msg>
<status status="PASS" starttime="20230613 16:28:39.872" endtime="20230613 16:28:48.391"/>
</kw>
<kw name="Maximize Browser Window" library="SeleniumLibrary">
<doc>Maximizes current browser window.</doc>
<status status="PASS" starttime="20230613 16:28:48.392" endtime="20230613 16:28:48.512"/>
</kw>
<status status="PASS" starttime="20230613 16:28:39.872" endtime="20230613 16:28:48.512"/>
</kw>
<kw name="Acessar a home page do site" library="Luiza_resources">
<kw name="Go To" library="SeleniumLibrary">
<arg>url=${URL}</arg>
<doc>Navigates the current browser window to the provided ``url``.</doc>
<msg timestamp="20230613 16:28:48.518" level="INFO">Opening url 'https://www.magazineluiza.com.br/'</msg>
<status status="PASS" starttime="20230613 16:28:48.517" endtime="20230613 16:28:52.468"/>
</kw>
<kw name="Wait Until Element Is Visible" library="SeleniumLibrary">
<arg>//a[contains(@class,'sc-fBWQRz gA-DDVX sc-iQbOkh kRXPUC sc-iQbOkh kRXPUC')]</arg>
<arg>timeout=100</arg>
<doc>Waits until the element ``locator`` is visible.</doc>
<status status="PASS" starttime="20230613 16:28:52.468" endtime="20230613 16:28:52.507"/>
</kw>
<status status="PASS" starttime="20230613 16:28:48.513" endtime="20230613 16:28:52.507"/>
</kw>
<kw name="Digitar o nome de produto &quot;RX 4600G&quot; no campo de pesquisa" library="Luiza_resources">
<kw name="Wait Until Element Is Visible" library="SeleniumLibrary">
<arg>//input[contains(@type,'search')]</arg>
<doc>Waits until the element ``locator`` is visible.</doc>
<status status="PASS" starttime="20230613 16:28:52.509" endtime="20230613 16:28:52.559"/>
</kw>
<kw name="Input Text" library="SeleniumLibrary">
<arg>//input[contains(@type,'search')]</arg>
<arg>RX 4600G</arg>
<doc>Types the given ``text`` into the text field identified by ``locator``.</doc>
<msg timestamp="20230613 16:28:52.560" level="INFO">Typing text 'RX 4600G' into text field '//input[contains(@type,'search')]'.</msg>
<status status="PASS" starttime="20230613 16:28:52.559" endtime="20230613 16:28:53.520"/>
</kw>
<kw name="Press Keys" library="SeleniumLibrary">
<arg>//input[contains(@type,'search')]</arg>
<arg>ENTER</arg>
<doc>Simulates the user pressing key(s) to an element or on the active browser.</doc>
<msg timestamp="20230613 16:28:53.521" level="INFO">Sending key(s) ('ENTER',) to //input[contains(@type,'search')] element.</msg>
<msg timestamp="20230613 16:28:55.218" level="INFO">Pressing special key ENTER to element.</msg>
<msg timestamp="20230613 16:28:55.218" level="INFO">Releasing special key ENTER.</msg>
<status status="PASS" starttime="20230613 16:28:53.520" endtime="20230613 16:28:55.413"/>
</kw>
<status status="PASS" starttime="20230613 16:28:52.508" endtime="20230613 16:28:55.414"/>
</kw>
<kw name="Verificar o resultado da pesquisa, listando o produto pesquisado (conferir um)" library="Luiza_resources">
<kw name="Wait Until Element Is Visible" library="SeleniumLibrary">
<arg>(//h2[@data-testid='product-title'][contains(.,'Cpu Pc Gamer Ryzen 5 4600G SSD 480GB 16GB DDR4 500W RX 550 - Option Info')])[1]</arg>
<arg>200</arg>
<doc>Waits until the element ``locator`` is visible.</doc>
<status status="PASS" starttime="20230613 16:28:55.431" endtime="20230613 16:29:01.190"/>
</kw>
<kw name="Element Should Contain" library="SeleniumLibrary">
<arg>(//h2[contains(@data-testid,'product-title')])[1]</arg>
<arg>4600G</arg>
<doc>Verifies that element ``locator`` contains text ``expected``.</doc>
<msg timestamp="20230613 16:29:01.267" level="INFO">Element '(//h2[contains(@data-testid,'product-title')])[1]' contains text '4600G'.</msg>
<status status="PASS" starttime="20230613 16:29:01.190" endtime="20230613 16:29:01.268"/>
</kw>
<status status="PASS" starttime="20230613 16:28:55.430" endtime="20230613 16:29:01.268"/>
</kw>
<doc>Este teste verifica a busca de um produto</doc>
<tag>busca_produtos unitaria</tag>
<status status="PASS" starttime="20230613 16:28:39.870" endtime="20230613 16:29:01.269"/>
</test>
<doc>Essa suite testa o site https://www.magazineluiza.com.br/</doc>
<status status="PASS" starttime="20230613 16:28:23.321" endtime="20230613 16:29:01.271"/>
</suite>
<statistics>
<total>
<stat pass="2" fail="0" skip="0">All Tests</stat>
</total>
<tag>
<stat pass="1" fail="0" skip="0">busca_produtos unitaria</stat>
<stat pass="1" fail="0" skip="0">menus</stat>
</tag>
<suite>
<stat pass="2" fail="0" skip="0" id="s1" name="Luiza Testes">Luiza Testes</stat>
</suite>
</statistics>
<errors>
</errors>
</robot>
