<?xml version="1.0" encoding="UTF-8"?>
<robot generator="Robot 6.0.2 (Python 3.11.4 on win32)" generated="20230615 04:34:24.749" rpa="false" schemaversion="3">
<suite id="s1" name="Magazineluiza" source="c:\Users\Pichau\Downloads\Mateus\Repositórios\Robot\web testing\magazineluiza">
<suite id="s1-s1" name="Magazine Testes" source="c:\Users\Pichau\Downloads\Mateus\Repositórios\Robot\web testing\magazineluiza\magazine_testes.robot">
<test id="s1-s1-t1" name="Caso de Teste 01 - Acessao ao menu &quot;Monitor&quot;" line="9">
<kw name="Abrir o Navegador" library="magazine_resources" type="SETUP">
<kw name="Open Browser" library="SeleniumLibrary">
<arg>browser=chrome</arg>
<doc>Opens a new browser instance to the optional ``url``.</doc>
<msg timestamp="20230615 04:34:25.112" level="INFO">Opening browser 'chrome' to base url 'None'.</msg>
<status status="PASS" starttime="20230615 04:34:25.111" endtime="20230615 04:34:26.404"/>
</kw>
<status status="PASS" starttime="20230615 04:34:25.110" endtime="20230615 04:34:26.405"/>
</kw>
<kw name="Acessar a homepage do site &quot;https://www.magazineluiza.com.br/&quot;" library="magazine_resources">
<kw name="Go To" library="SeleniumLibrary">
<arg>url=${URL}</arg>
<doc>Navigates the current browser window to the provided ``url``.</doc>
<msg timestamp="20230615 04:34:26.407" level="INFO">Opening url 'https://www.magazineluiza.com.br/'</msg>
<status status="PASS" starttime="20230615 04:34:26.406" endtime="20230615 04:34:29.993"/>
</kw>
<status status="PASS" starttime="20230615 04:34:26.405" endtime="20230615 04:34:29.993"/>
</kw>
<kw name="Entrar no menu &quot;Todos Departamentos&quot;" library="magazine_resources">
<kw name="Click Element" library="SeleniumLibrary">
<arg>locator=//a[@data-testid='link'][contains(.,'Todos os departamentos')]</arg>
<doc>Click the element identified by ``locator``.</doc>
<msg timestamp="20230615 04:34:29.996" level="INFO">Clicking element '//a[@data-testid='link'][contains(.,'Todos os departamentos')]'.</msg>
<status status="PASS" starttime="20230615 04:34:29.995" endtime="20230615 04:34:30.549"/>
</kw>
<status status="PASS" starttime="20230615 04:34:29.995" endtime="20230615 04:34:30.550"/>
</kw>
<kw name="Verificar menu &quot;Todos Despartamentos&quot;" library="magazine_resources">
<kw name="Wait Until Element Is Visible" library="SeleniumLibrary">
<arg>(//a[@data-testid='link'][contains(.,'Informática')])[1]</arg>
<doc>Waits until the element ``locator`` is visible.</doc>
<status status="PASS" starttime="20230615 04:34:30.551" endtime="20230615 04:34:31.016"/>
</kw>
<status status="PASS" starttime="20230615 04:34:30.550" endtime="20230615 04:34:31.017"/>
</kw>
<kw name="Entrar no menu &quot;Informática&quot;" library="magazine_resources">
<kw name="Click Element" library="SeleniumLibrary">
<arg>locator=(//a[@data-testid='link'][contains(.,'Informática')])[1]</arg>
<doc>Click the element identified by ``locator``.</doc>
<msg timestamp="20230615 04:34:31.019" level="INFO">Clicking element '(//a[@data-testid='link'][contains(.,'Informática')])[1]'.</msg>
<status status="PASS" starttime="20230615 04:34:31.018" endtime="20230615 04:34:31.218"/>
</kw>
<status status="PASS" starttime="20230615 04:34:31.017" endtime="20230615 04:34:31.220"/>
</kw>
<kw name="Verificar menu &quot;Informática&quot;" library="magazine_resources">
<kw name="Wait Until Element Is Visible" library="SeleniumLibrary">
<arg>(//p[@font-size='2'][contains(.,'Monitor')])[1]</arg>
<doc>Waits until the element ``locator`` is visible.</doc>
<status status="PASS" starttime="20230615 04:34:31.228" endtime="20230615 04:34:35.655"/>
</kw>
<status status="PASS" starttime="20230615 04:34:31.227" endtime="20230615 04:34:35.655"/>
</kw>
<kw name="Entrar menu &quot;Monitor&quot;" library="magazine_resources">
<kw name="Click Element" library="SeleniumLibrary">
<arg>(//p[@font-size='2'][contains(.,'Monitor')])[1]</arg>
<doc>Click the element identified by ``locator``.</doc>
<msg timestamp="20230615 04:34:35.660" level="INFO">Clicking element '(//p[@font-size='2'][contains(.,'Monitor')])[1]'.</msg>
<status status="PASS" starttime="20230615 04:34:35.659" endtime="20230615 04:34:35.985"/>
</kw>
<status status="PASS" starttime="20230615 04:34:35.659" endtime="20230615 04:34:35.986"/>
</kw>
<kw name="Verificar menu &quot;Monitor&quot;" library="magazine_resources">
<kw name="Wait Until Page Contains" library="SeleniumLibrary">
<arg>Monitores</arg>
<doc>Waits until ``text`` appears on the current page.</doc>
<status status="PASS" starttime="20230615 04:34:35.991" endtime="20230615 04:34:36.039"/>
</kw>
<status status="PASS" starttime="20230615 04:34:35.990" endtime="20230615 04:34:36.040"/>
</kw>
<kw name="Fechar o Navegador" library="magazine_resources" type="TEARDOWN">
<kw name="Close Browser" library="SeleniumLibrary">
<doc>Closes the current browser.</doc>
<status status="PASS" starttime="20230615 04:34:36.043" endtime="20230615 04:34:38.368"/>
</kw>
<status status="PASS" starttime="20230615 04:34:36.043" endtime="20230615 04:34:38.369"/>
</kw>
<doc>Este teste verifica a disponibilidade
do Menu Monitor através do dos menus "Todos Despartamentos" -&gt; "Informática"</doc>
<tag>menus</tag>
<tag>monitor</tag>
<status status="PASS" starttime="20230615 04:34:25.108" endtime="20230615 04:34:38.371"/>
</test>
<doc>Essa suite testa o site https://www.magazineluiza.com.br/</doc>
<status status="PASS" starttime="20230615 04:34:24.788" endtime="20230615 04:34:38.372"/>
</suite>
<status status="PASS" starttime="20230615 04:34:24.757" endtime="20230615 04:34:38.375"/>
</suite>
<statistics>
<total>
<stat pass="1" fail="0" skip="0">All Tests</stat>
</total>
<tag>
<stat pass="1" fail="0" skip="0">menus</stat>
<stat pass="1" fail="0" skip="0">monitor</stat>
</tag>
<suite>
<stat pass="1" fail="0" skip="0" id="s1" name="Magazineluiza">Magazineluiza</stat>
<stat pass="1" fail="0" skip="0" id="s1-s1" name="Magazine Testes">Magazineluiza.Magazine Testes</stat>
</suite>
</statistics>
<errors>
</errors>
</robot>
